<?xml version="1.0" encoding="UTF-8"?>
<!-- Generated by org.testng.reporters.JUnitReportReporter -->
<testsuite hostname="DESKTOP-I3AAUH2" failures="0" tests="1" name="build.endtoend.testendtoend.Sumtest" time="0.010" errors="0" timestamp="23 Mar 2021 19:00:35 GMT" skipped="0">
  <testcase classname="build.endtoend.testendtoend.Sumtest" name="numbSumtest" time="0.010"/>
</testsuite> <!-- build.endtoend.testendtoend.Sumtest -->
