<?xml version="1.0" encoding="UTF-8"?>
<!-- Generated by org.testng.reporters.JUnitReportReporter -->
<testsuite hostname="DESKTOP-I3AAUH2" failures="0" tests="1" name="endtoendproject.endtoenddemo.Sumtest" time="0.009" errors="0" timestamp="23 Mar 2021 18:44:55 GMT" skipped="0">
  <testcase classname="endtoendproject.endtoenddemo.Sumtest" name="addNumb" time="0.009"/>
</testsuite> <!-- endtoendproject.endtoenddemo.Sumtest -->
