<?xml version="1.0" encoding="UTF-8"?>
<!-- Generated by org.testng.reporters.JUnitReportReporter -->
<testsuite hostname="DESKTOP-I3AAUH2" failures="0" tests="1" name="endtoendproject.endtoenddemo.Sumtest" time="0.013" errors="0" timestamp="23 Mar 2021 14:44:07 GMT" skipped="0">
  <testcase classname="endtoendproject.endtoenddemo.Sumtest" name="addNumb" time="0.013"/>
</testsuite> <!-- endtoendproject.endtoenddemo.Sumtest -->
